<?xml version="1.0" encoding="UTF-8"?>
<testng-results ignored="0" total="2" passed="1" failed="1" skipped="0">
  <reporter-output>
  </reporter-output>
  <suite started-at="2023-12-22T11:58:03 IST" name="Default suite" finished-at="2023-12-22T11:58:44 IST" duration-ms="40500">
    <groups>
    </groups>
    <test started-at="2023-12-22T11:58:03 IST" name="Default test" finished-at="2023-12-22T11:58:44 IST" duration-ms="40500">
      <class name="Testcases.AddToCart_Test">
        <test-method is-config="true" signature="LaunchingBrowser()[pri:0, instance:Testcases.AddToCart_Test@1a6d8329]" started-at="2023-12-22T11:58:03 IST" name="LaunchingBrowser" finished-at="2023-12-22T11:58:08 IST" duration-ms="4595" status="PASS">
          <reporter-output>
          </reporter-output>
        </test-method> <!-- LaunchingBrowser -->
        <test-method is-config="true" signature="LoginToApplication()[pri:0, instance:Testcases.AddToCart_Test@1a6d8329]" started-at="2023-12-22T11:58:08 IST" name="LoginToApplication" finished-at="2023-12-22T11:58:27 IST" duration-ms="18854" status="PASS">
          <reporter-output>
          </reporter-output>
        </test-method> <!-- LoginToApplication -->
        <test-method signature="AddToCart_002()[pri:0, instance:Testcases.AddToCart_Test@1a6d8329]" started-at="2023-12-22T11:58:27 IST" name="AddToCart_002" finished-at="2023-12-22T11:58:27 IST" duration-ms="24" status="PASS">
          <reporter-output>
          </reporter-output>
        </test-method> <!-- AddToCart_002 -->
        <test-method is-config="true" signature="LogoutFromApplication()[pri:0, instance:Testcases.AddToCart_Test@1a6d8329]" started-at="2023-12-22T11:58:27 IST" name="LogoutFromApplication" finished-at="2023-12-22T11:58:29 IST" duration-ms="2322" status="PASS">
          <reporter-output>
          </reporter-output>
        </test-method> <!-- LogoutFromApplication -->
        <test-method is-config="true" signature="LoginToApplication()[pri:0, instance:Testcases.AddToCart_Test@1a6d8329]" started-at="2023-12-22T11:58:29 IST" name="LoginToApplication" finished-at="2023-12-22T11:58:38 IST" duration-ms="9335" status="PASS">
          <reporter-output>
          </reporter-output>
        </test-method> <!-- LoginToApplication -->
        <test-method signature="Tc_AddToCart_001()[pri:0, instance:Testcases.AddToCart_Test@1a6d8329]" started-at="2023-12-22T11:58:38 IST" name="Tc_AddToCart_001" finished-at="2023-12-22T11:58:41 IST" duration-ms="3031" status="FAIL">
          <exception class="java.lang.AssertionError">
            <message>
              <![CDATA[expected [ShoppersStack | Ho] but found [ShoppersStack | Home]]]>
            </message>
            <full-stacktrace>
              <![CDATA[java.lang.AssertionError: expected [ShoppersStack | Ho] but found [ShoppersStack | Home]
at org.testng.Assert.fail(Assert.java:111)
at org.testng.Assert.failNotEquals(Assert.java:1578)
at org.testng.Assert.assertEqualsImpl(Assert.java:150)
at org.testng.Assert.assertEquals(Assert.java:132)
at org.testng.Assert.assertEquals(Assert.java:656)
at org.testng.Assert.assertEquals(Assert.java:666)
at Testcases.AddToCart_Test.Tc_AddToCart_001(AddToCart_Test.java:31)
at java.base/jdk.internal.reflect.NativeMethodAccessorImpl.invoke0(Native Method)
at java.base/jdk.internal.reflect.NativeMethodAccessorImpl.invoke(NativeMethodAccessorImpl.java:77)
at java.base/jdk.internal.reflect.DelegatingMethodAccessorImpl.invoke(DelegatingMethodAccessorImpl.java:43)
at java.base/java.lang.reflect.Method.invoke(Method.java:568)
at org.testng.internal.invokers.MethodInvocationHelper.invokeMethod(MethodInvocationHelper.java:139)
at org.testng.internal.invokers.TestInvoker.invokeMethod(TestInvoker.java:664)
at org.testng.internal.invokers.TestInvoker.invokeTestMethod(TestInvoker.java:227)
at org.testng.internal.invokers.MethodRunner.runInSequence(MethodRunner.java:50)
at org.testng.internal.invokers.TestInvoker$MethodInvocationAgent.invoke(TestInvoker.java:957)
at org.testng.internal.invokers.TestInvoker.invokeTestMethods(TestInvoker.java:200)
at org.testng.internal.invokers.TestMethodWorker.invokeTestMethods(TestMethodWorker.java:148)
at org.testng.internal.invokers.TestMethodWorker.run(TestMethodWorker.java:128)
at java.base/java.util.ArrayList.forEach(ArrayList.java:1511)
at org.testng.TestRunner.privateRun(TestRunner.java:848)
at org.testng.TestRunner.run(TestRunner.java:621)
at org.testng.SuiteRunner.runTest(SuiteRunner.java:443)
at org.testng.SuiteRunner.runSequentially(SuiteRunner.java:437)
at org.testng.SuiteRunner.privateRun(SuiteRunner.java:397)
at org.testng.SuiteRunner.run(SuiteRunner.java:336)
at org.testng.SuiteRunnerWorker.runSuite(SuiteRunnerWorker.java:52)
at org.testng.SuiteRunnerWorker.run(SuiteRunnerWorker.java:95)
at org.testng.TestNG.runSuitesSequentially(TestNG.java:1280)
at org.testng.TestNG.runSuitesLocally(TestNG.java:1200)
at org.testng.TestNG.runSuites(TestNG.java:1114)
at org.testng.TestNG.run(TestNG.java:1082)
at org.testng.remote.AbstractRemoteTestNG.run(AbstractRemoteTestNG.java:115)
at org.testng.remote.RemoteTestNG.initAndRun(RemoteTestNG.java:251)
at org.testng.remote.RemoteTestNG.main(RemoteTestNG.java:77)
]]>
            </full-stacktrace>
          </exception> <!-- java.lang.AssertionError -->
          <reporter-output>
          </reporter-output>
        </test-method> <!-- Tc_AddToCart_001 -->
        <test-method is-config="true" signature="LogoutFromApplication()[pri:0, instance:Testcases.AddToCart_Test@1a6d8329]" started-at="2023-12-22T11:58:41 IST" name="LogoutFromApplication" finished-at="2023-12-22T11:58:44 IST" duration-ms="2250" status="PASS">
          <reporter-output>
          </reporter-output>
        </test-method> <!-- LogoutFromApplication -->
        <test-method is-config="true" signature="QuiteBrowser()[pri:0, instance:Testcases.AddToCart_Test@1a6d8329]" started-at="2023-12-22T11:58:44 IST" name="QuiteBrowser" finished-at="2023-12-22T11:58:44 IST" duration-ms="1" status="PASS">
          <reporter-output>
          </reporter-output>
        </test-method> <!-- QuiteBrowser -->
      </class> <!-- Testcases.AddToCart_Test -->
    </test> <!-- Default test -->
  </suite> <!-- Default suite -->
</testng-results>
